<?xml version="1.0" encoding="UTF-8"?>
<testng-results skipped="0" failed="0" ignored="0" total="1" passed="1">
  <reporter-output>
  </reporter-output>
  <suite name="Default suite" duration-ms="21488" started-at="2019-11-10T23:12:29Z" finished-at="2019-11-10T23:12:51Z">
    <groups>
    </groups>
    <test name="Default test" duration-ms="21488" started-at="2019-11-10T23:12:29Z" finished-at="2019-11-10T23:12:51Z">
      <class name="WebDriverManager.WebdriverManager">
        <test-method status="PASS" signature="setup()[pri:0, instance:WebDriverManager.WebdriverManager@42e26948]" name="setup" is-config="true" duration-ms="12457" started-at="2019-11-10T23:12:29Z" finished-at="2019-11-10T23:12:42Z">
          <reporter-output>
          </reporter-output>
        </test-method> <!-- setup -->
        <test-method status="PASS" signature="freeCRMTest()[pri:0, instance:WebDriverManager.WebdriverManager@42e26948]" name="freeCRMTest" duration-ms="4329" started-at="2019-11-10T23:12:42Z" finished-at="2019-11-10T23:12:46Z">
          <reporter-output>
          </reporter-output>
        </test-method> <!-- freeCRMTest -->
        <test-method status="PASS" signature="teardown()[pri:0, instance:WebDriverManager.WebdriverManager@42e26948]" name="teardown" is-config="true" duration-ms="4647" started-at="2019-11-10T23:12:46Z" finished-at="2019-11-10T23:12:51Z">
          <reporter-output>
          </reporter-output>
        </test-method> <!-- teardown -->
      </class> <!-- WebDriverManager.WebdriverManager -->
    </test> <!-- Default test -->
  </suite> <!-- Default suite -->
</testng-results>
